  main game.cpp
C:\Users\hamza\Desktop\360 SCHOOTER\main game.cpp(20,15): warning C4244: 'argument': conversion from 'time_t' to 'unsigned int', possible loss of data
C:\Users\hamza\Desktop\360 SCHOOTER\main game.cpp(93,25): warning C4244: 'initializing': conversion from 'double' to 'float', possible loss of data
C:\Users\hamza\Desktop\360 SCHOOTER\main game.cpp(125,76): warning C4244: 'argument': conversion from 'T' to 'T', possible loss of data
C:\Users\hamza\Desktop\360 SCHOOTER\main game.cpp(125,76): warning C4244:         with
C:\Users\hamza\Desktop\360 SCHOOTER\main game.cpp(125,76): warning C4244:         [
C:\Users\hamza\Desktop\360 SCHOOTER\main game.cpp(125,76): warning C4244:             T=unsigned int
C:\Users\hamza\Desktop\360 SCHOOTER\main game.cpp(125,76): warning C4244:         ]
C:\Users\hamza\Desktop\360 SCHOOTER\main game.cpp(125,76): warning C4244:         and
C:\Users\hamza\Desktop\360 SCHOOTER\main game.cpp(125,76): warning C4244:         [
C:\Users\hamza\Desktop\360 SCHOOTER\main game.cpp(125,76): warning C4244:             T=float
C:\Users\hamza\Desktop\360 SCHOOTER\main game.cpp(125,76): warning C4244:         ]
C:\Users\hamza\Desktop\360 SCHOOTER\main game.cpp(125,47): warning C4244: 'argument': conversion from 'T' to 'T', possible loss of data
C:\Users\hamza\Desktop\360 SCHOOTER\main game.cpp(125,47): warning C4244:         with
C:\Users\hamza\Desktop\360 SCHOOTER\main game.cpp(125,47): warning C4244:         [
C:\Users\hamza\Desktop\360 SCHOOTER\main game.cpp(125,47): warning C4244:             T=unsigned int
C:\Users\hamza\Desktop\360 SCHOOTER\main game.cpp(125,47): warning C4244:         ]
C:\Users\hamza\Desktop\360 SCHOOTER\main game.cpp(125,47): warning C4244:         and
C:\Users\hamza\Desktop\360 SCHOOTER\main game.cpp(125,47): warning C4244:         [
C:\Users\hamza\Desktop\360 SCHOOTER\main game.cpp(125,47): warning C4244:             T=float
C:\Users\hamza\Desktop\360 SCHOOTER\main game.cpp(125,47): warning C4244:         ]
  360 SCHOOTER.vcxproj -> C:\Users\hamza\Desktop\360 SCHOOTER\x64\Debug\360 SCHOOTER.exe
